<?xml version="1.0" encoding="UTF-8"?>
<configuration scan="false" debug="false">
  <conversionRule conversionWord="traceID" converterClass="kamon.logback.LogbackTraceIDConverter" />

  <appender name="MEMORY" class="kamon.logback.LogbackMemoryAppender">
    <encoder>
      <pattern>%traceID</pattern>
    </encoder>
  </appender>

  <root level="TRACE">
    <appender-ref ref="MEMORY" />
  </root>
</configuration>
